<<<<<<< HEAD
warning: Error during registration: The user is not registered correctly or email is already registered
=======

>>>>>>> 32fcd0a04167e29b7821cd4700a1f75af145f87a
warning: Mensaje de Warning
error: Mensaje de ERROR
warning: Login process error: Incorrect password
warning: Login process error: Incorrect password
warning: Error during registration: The user is not registered correctly or email is already registered
warning: Error during registration: The user is not registered correctly or email is already registered
warning: Error during registration: The user is not registered correctly or email is already registered
warning: Error during registration: The user is not registered correctly or email is already registered
warning: Error during registration: The user is not registered correctly or email is already registered
warning: Registration attempt with already registered email: ands_riss@hotmail.com
warning: Error during registration: Email is already registered
warning: Registration attempt with already registered email: 1234@hotmail.com
warning: Error during registration: Email is already registered
warning: Error during registration: The user is not registered correctly or email is already registered
warning: Login process error: Incorrect password
warning: Login process error: Incorrect password
warning: Error changing password: Old password is incorrect
warning: Login process error: Incorrect password
warning: Login process error: Incorrect password
warning: Login process error: Incorrect password
warning: Login process error: Incorrect password
warning: Error changing password: Old password is incorrect
warning: Error changing password: Old password is incorrect
warning: Error changing password: Old password is incorrect
warning: Login process error: Incorrect password
warning: Login process error: Incorrect password
warning: Login process error: Incorrect password
warning: Login process error: Incorrect password
warning: Login process error: Incorrect password
warning: Login process error: Incorrect password
warning: Login process error: Incorrect password
warning: Login process error: Incorrect password
warning: Login process error: Incorrect password
warning: Login process error: Incorrect password
warning: Login process error: Incorrect password
warning: Login process error: Incorrect password
warning: Login process error: Incorrect password
warning: Login process error: Incorrect password
warning: Login process error: Incorrect password
warning: Login process error: Incorrect password
warning: Login process error: Incorrect password
warning: Login process error: Incorrect password
warning: Login process error: Incorrect password
warning: Login process error: Incorrect password
warning: Login process error: Incorrect password
warning: Login process error: Incorrect password
warning: Login process error: Incorrect password
warning: Login process error: Incorrect password
warning: Login process error: Incorrect password
warning: Login process error: Incorrect password
warning: Login process error: Incorrect password
warning: Login process error: Incorrect password
warning: Login process error: Incorrect password
warning: Login process error: Incorrect password
warning: Login process error: Incorrect password
warning: Login process error: Incorrect password
warning: Login process error: Incorrect password
warning: Login process error: Incorrect password
warning: Login process error: Incorrect password
warning: Login process error: Incorrect password
warning: Login process error: Incorrect password
warning: Login process error: Incorrect password
warning: Login process error: Incorrect password
warning: Login process error: Incorrect password
warning: Login process error: Incorrect password
warning: Login process error: Incorrect password
warning: Login process error: Incorrect password
warning: Login process error: Incorrect password
warning: Login process error: Incorrect password
warning: Login process error: Incorrect password
warning: Login process error: Incorrect password
warning: Login process error: Incorrect password
warning: User or password not found
error: Error during registration: The user is not registered correctly or email is already registered
warning: Error during registration: Password must be at least 6 characters long
warning: Error during registration: Password must be at least 6 characters long
warning: Error during registration: Email is already registered
warning: Login process error: Incorrect password
warning: Login process error: Incorrect password
warning: Login process error: Incorrect password
warning: Login process error: Email is not correct
warning: Login process error: Incorrect password
warning: Login process error: Incorrect password
warning: Login process error: Incorrect password
warning: Login process error: Incorrect password
warning: Login process error: Incorrect password
warning: Login process error: Incorrect password
warning: Login process error: Incorrect password
warning: Login process error: Email is not correct
warning: Login process error: Email is not correct
warning: Login process error: Incorrect password
warning: Login process error: Incorrect password
warning: Login process error: connection timed out
warning: Login process error: Incorrect password
warning: Login process error: Incorrect password
warning: Error uploading documents: Cannot read properties of undefined (reading '0') {"stack":"TypeError: Cannot read properties of undefined (reading '0')\n    at uploadDocuments (file:///C:/Users/ANDRES.PIUZZI/Desktop/BackEnd-CoderHouse-_-/src/controllers/users.controllers.js:195:42)\n    at Layer.handle [as handle_request] (C:\\Users\\ANDRES.PIUZZI\\Desktop\\BackEnd-CoderHouse-_-\\node_modules\\express\\lib\\router\\layer.js:95:5)\n    at next (C:\\Users\\ANDRES.PIUZZI\\Desktop\\BackEnd-CoderHouse-_-\\node_modules\\express\\lib\\router\\route.js:149:13)\n    at done (C:\\Users\\ANDRES.PIUZZI\\Desktop\\BackEnd-CoderHouse-_-\\node_modules\\multer\\lib\\make-middleware.js:45:7)\n    at indicateDone (C:\\Users\\ANDRES.PIUZZI\\Desktop\\BackEnd-CoderHouse-_-\\node_modules\\multer\\lib\\make-middleware.js:49:68)\n    at Multipart.<anonymous> (C:\\Users\\ANDRES.PIUZZI\\Desktop\\BackEnd-CoderHouse-_-\\node_modules\\multer\\lib\\make-middleware.js:166:7)\n    at Multipart.emit (node:events:514:28)\n    at emitCloseNT (node:internal/streams/destroy:132:10)\n    at process.processTicksAndRejections (node:internal/process/task_queues:81:21)"}
warning: Error uploading documents: Cannot read properties of undefined (reading '0') {"stack":"TypeError: Cannot read properties of undefined (reading '0')\n    at uploadDocuments (file:///C:/Users/ANDRES.PIUZZI/Desktop/BackEnd-CoderHouse-_-/src/controllers/users.controllers.js:195:42)\n    at Layer.handle [as handle_request] (C:\\Users\\ANDRES.PIUZZI\\Desktop\\BackEnd-CoderHouse-_-\\node_modules\\express\\lib\\router\\layer.js:95:5)\n    at next (C:\\Users\\ANDRES.PIUZZI\\Desktop\\BackEnd-CoderHouse-_-\\node_modules\\express\\lib\\router\\route.js:149:13)\n    at done (C:\\Users\\ANDRES.PIUZZI\\Desktop\\BackEnd-CoderHouse-_-\\node_modules\\multer\\lib\\make-middleware.js:45:7)\n    at indicateDone (C:\\Users\\ANDRES.PIUZZI\\Desktop\\BackEnd-CoderHouse-_-\\node_modules\\multer\\lib\\make-middleware.js:49:68)\n    at C:\\Users\\ANDRES.PIUZZI\\Desktop\\BackEnd-CoderHouse-_-\\node_modules\\multer\\lib\\make-middleware.js:155:11\n    at WriteStream.<anonymous> (C:\\Users\\ANDRES.PIUZZI\\Desktop\\BackEnd-CoderHouse-_-\\node_modules\\multer\\storage\\disk.js:43:9)\n    at WriteStream.emit (node:events:526:35)\n    at finish (node:internal/streams/writable:937:10)\n    at node:internal/streams/writable:918:13"}
warning: Login process error: Incorrect password
